TACC:  Starting up job 3034124 
TACC:  Starting parallel tasks... 

     Program epsilon v.6.7GPU starts on 30May2021 at 10:33:49 

     This program is part of the open-source Quantum ESPRESSO suite
     for quantum simulation of materials; please cite
         "P. Giannozzi et al., J. Phys.:Condens. Matter 21 395502 (2009);
         "P. Giannozzi et al., J. Phys.:Condens. Matter 29 465901 (2017);
         "P. Giannozzi et al., J. Chem. Phys. 152 154105 (2020);
          URL http://www.quantum-espresso.org", 
     in publications or presentations arising from this work. More details at
     http://www.quantum-espresso.org/quote

     Parallel version (MPI), running on     8 processors

     MPI processes distributed on     1 nodes
     R & G space division:  proc/nbgrp/npool/nimage =       8


     Reading input file...
     Broadcasting variables...
     Reading PW restart file...

     Reading xml data from directory:

     ./si_333_equil.save/

     IMPORTANT: XC functional enforced from input :
     Exchange-correlation= PZ
                           (   1   1   0   0   0   0   0)
     Any further DFT definition will be discarded
     Please, verify this is what you really want

 
     Parallelization info
     --------------------
     sticks:   dense  smooth     PW     G-vecs:    dense   smooth      PW
     Min         322     322     90                10818    10818    1578
     Max         324     324     91                10819    10819    1579
     Sum        2587    2587    721                86547    86547   12627
 
     Using Slab Decomposition
 


     Fermi energy [eV] is:  5.93907
     The system is a dielectric...
     metallic system: redefining wmin =     0.200000

     Performing eps calculation...

     xx,yy,zz plasmon frequences [eV] are:     5.590404568    7.003315151    8.576902304

     Writing output on file...


     eps          :      0.08s CPU      0.11s WALL (       1 calls)
     dipole_calc  :      0.02s CPU      0.03s WALL (       1 calls)
 
 
     epsilon      :      0.16s CPU      0.19s WALL

 
   This run was terminated on:  10:33:50  30May2021            

=------------------------------------------------------------------------------=
   JOB DONE.
=------------------------------------------------------------------------------=
TACC:  Shutdown complete. Exiting. 
