TACC:  Starting up job 3034364 
TACC:  Starting parallel tasks... 

     Program epsilon v.6.7GPU starts on 30May2021 at 11: 5:35 

     This program is part of the open-source Quantum ESPRESSO suite
     for quantum simulation of materials; please cite
         "P. Giannozzi et al., J. Phys.:Condens. Matter 21 395502 (2009);
         "P. Giannozzi et al., J. Phys.:Condens. Matter 29 465901 (2017);
         "P. Giannozzi et al., J. Chem. Phys. 152 154105 (2020);
          URL http://www.quantum-espresso.org", 
     in publications or presentations arising from this work. More details at
     http://www.quantum-espresso.org/quote

     Parallel version (MPI), running on    56 processors

     MPI processes distributed on     1 nodes
     R & G space division:  proc/nbgrp/npool/nimage =      56


     Reading input file...
     Broadcasting variables...
     Reading PW restart file...

     Reading xml data from directory:

     ./si_333_equil.save/

     IMPORTANT: XC functional enforced from input :
     Exchange-correlation= PZ
                           (   1   1   0   0   0   0   0)
     Any further DFT definition will be discarded
     Please, verify this is what you really want

 
     Parallelization info
     --------------------
     sticks:   dense  smooth     PW     G-vecs:    dense   smooth      PW
     Min          46      46     13                 1544     1544     239
     Max          48      48     14                 1547     1547     244
     Sum        2587    2587    745                86547    86547   13443
 
     Using Slab Decomposition
 


     Fermi energy [eV] is:  6.21439
     The system is a dielectric...
     metallic system: redefining wmin =     0.200000

     Performing eps calculation...

     xx,yy,zz plasmon frequences [eV] are:    11.425159305   11.886425114   11.983608554

     Writing output on file...


     eps          :      0.10s CPU      0.73s WALL (       1 calls)
     dipole_calc  :      0.04s CPU      0.04s WALL (       1 calls)
 
 
     epsilon      :      0.23s CPU      0.88s WALL

 
   This run was terminated on:  11: 5:36  30May2021            

=------------------------------------------------------------------------------=
   JOB DONE.
=------------------------------------------------------------------------------=
TACC:  Shutdown complete. Exiting. 
